

Microchip MPLAB XC8 Assembler V2.46 build 20240104201356 
                                                                                               Tue Jul 22 13:55:05 2025

Microchip MPLAB XC8 C Compiler v2.46 (Free license) build 20240104201356 Og1 
     1                           	processor	16F1936
     2                           	pagewidth 120
     3                           	opt	flic
     4                           	psect	idataBANK0,global,class=CODE,delta=2,noexec
     5                           	psect	idataBANK1,global,class=CODE,delta=2,noexec
     6                           	psect	cinit,global,class=CODE,merge=1,delta=2
     7                           	psect	bssBANK0,global,class=BANK0,space=1,delta=1,noexec
     8                           	psect	dataBANK0,global,class=BANK0,space=1,delta=1,noexec
     9                           	psect	dataBANK1,global,class=BANK1,space=1,delta=1,noexec
    10                           	psect	inittext,global,class=CODE,delta=2
    11                           	psect	clrtext,global,class=CODE,delta=2
    12                           	psect	cstackCOMMON,global,class=COMMON,space=1,delta=1,noexec
    13                           	psect	maintext,global,class=CODE,merge=1,split=1,delta=2
    14                           	psect	text1,local,class=CODE,merge=1,delta=2
    15                           	psect	text2,local,class=CODE,merge=1,delta=2
    16                           	psect	text3,local,class=CODE,merge=1,delta=2
    17                           	psect	text4,local,class=CODE,merge=1,delta=2
    18                           	psect	config,global,abs,ovrld,class=CONFIG,space=4,delta=2,noexec
    19                           	dabs	1,0x7E,2
    20     0000                     
    21                           ; Version 2.20
    22                           ; Generated 12/02/2020 GMT
    23                           ; 
    24                           ; Copyright © 2020, Microchip Technology Inc. and its subsidiaries ("Microchip")
    25                           ; All rights reserved.
    26                           ; 
    27                           ; This software is developed by Microchip Technology Inc. and its subsidiaries ("Microch
      +                          ip").
    28                           ; 
    29                           ; Redistribution and use in source and binary forms, with or without modification, are
    30                           ; permitted provided that the following conditions are met:
    31                           ; 
    32                           ;     1. Redistributions of source code must retain the above copyright notice, this lis
      +                          t of
    33                           ;        conditions and the following disclaimer.
    34                           ; 
    35                           ;     2. Redistributions in binary form must reproduce the above copyright notice, this 
      +                          list
    36                           ;        of conditions and the following disclaimer in the documentation and/or other
    37                           ;        materials provided with the distribution.
    38                           ; 
    39                           ;     3. Microchip's name may not be used to endorse or promote products derived from th
      +                          is
    40                           ;        software without specific prior written permission.
    41                           ; 
    42                           ; THIS SOFTWARE IS PROVIDED BY MICROCHIP "AS IS" AND ANY EXPRESS OR IMPLIED WARRANTIES,
    43                           ; INCLUDING, BUT NOT LIMITED TO, THE IMPLIED WARRANTIES OF MERCHANTABILITY AND FITNESS F
      +                          OR
    44                           ; PURPOSE ARE DISCLAIMED.  IN NO EVENT SHALL MICROCHIP BE LIABLE FOR ANY DIRECT, INDIREC
      +                          T,
    45                           ; INCIDENTAL, SPECIAL, EXEMPLARY, OR CONSEQUENTIAL DAMAGES (INCLUDING BUT NOT LIMITED TO
    46                           ; PROCUREMENT OF SUBSTITUTE GOODS OR SERVICES; LOSS OF USE, DATA OR PROFITS; OR BUSINESS
    47                           ; INTERRUPTION) HOWSOEVER CAUSED AND ON ANY THEORY OF LIABILITY, WHETHER IN CONTRACT, ST
      +                          RICT
    48                           ; LIABILITY, OR TORT (INCLUDING NEGLIGENCE OR OTHERWISE) ARISING IN ANY WAY OUT OF THE U
      +                          SE OF
    49                           ; THIS SOFTWARE, EVEN IF ADVISED OF THE POSSIBILITY OF SUCH DAMAGE.
    50                           ; 
    51                           ; 
    52                           ; Code-generator required, PIC16F1936 Definitions
    53                           ; 
    54                           ; SFR Addresses
    55     0000                     	;# 
    56     0001                     	;# 
    57     0002                     	;# 
    58     0003                     	;# 
    59     0004                     	;# 
    60     0005                     	;# 
    61     0006                     	;# 
    62     0007                     	;# 
    63     0008                     	;# 
    64     0009                     	;# 
    65     000A                     	;# 
    66     000B                     	;# 
    67     000C                     	;# 
    68     000D                     	;# 
    69     000E                     	;# 
    70     0010                     	;# 
    71     0011                     	;# 
    72     0012                     	;# 
    73     0013                     	;# 
    74     0015                     	;# 
    75     0016                     	;# 
    76     0016                     	;# 
    77     0017                     	;# 
    78     0018                     	;# 
    79     0019                     	;# 
    80     001A                     	;# 
    81     001B                     	;# 
    82     001C                     	;# 
    83     001E                     	;# 
    84     001F                     	;# 
    85     008C                     	;# 
    86     008D                     	;# 
    87     008E                     	;# 
    88     0090                     	;# 
    89     0091                     	;# 
    90     0092                     	;# 
    91     0093                     	;# 
    92     0095                     	;# 
    93     0096                     	;# 
    94     0097                     	;# 
    95     0098                     	;# 
    96     0099                     	;# 
    97     009A                     	;# 
    98     009B                     	;# 
    99     009B                     	;# 
   100     009C                     	;# 
   101     009D                     	;# 
   102     009E                     	;# 
   103     010C                     	;# 
   104     010D                     	;# 
   105     010E                     	;# 
   106     0110                     	;# 
   107     0111                     	;# 
   108     0112                     	;# 
   109     0113                     	;# 
   110     0114                     	;# 
   111     0115                     	;# 
   112     0116                     	;# 
   113     0117                     	;# 
   114     0118                     	;# 
   115     0119                     	;# 
   116     011A                     	;# 
   117     011B                     	;# 
   118     011D                     	;# 
   119     018C                     	;# 
   120     018D                     	;# 
   121     0191                     	;# 
   122     0191                     	;# 
   123     0192                     	;# 
   124     0193                     	;# 
   125     0193                     	;# 
   126     0193                     	;# 
   127     0194                     	;# 
   128     0195                     	;# 
   129     0196                     	;# 
   130     0199                     	;# 
   131     019A                     	;# 
   132     019B                     	;# 
   133     019B                     	;# 
   134     019B                     	;# 
   135     019B                     	;# 
   136     019C                     	;# 
   137     019C                     	;# 
   138     019D                     	;# 
   139     019E                     	;# 
   140     019F                     	;# 
   141     020D                     	;# 
   142     0210                     	;# 
   143     0211                     	;# 
   144     0212                     	;# 
   145     0213                     	;# 
   146     0214                     	;# 
   147     0215                     	;# 
   148     0215                     	;# 
   149     0216                     	;# 
   150     0217                     	;# 
   151     0291                     	;# 
   152     0291                     	;# 
   153     0292                     	;# 
   154     0293                     	;# 
   155     0294                     	;# 
   156     0295                     	;# 
   157     0295                     	;# 
   158     0296                     	;# 
   159     0298                     	;# 
   160     0298                     	;# 
   161     0299                     	;# 
   162     029A                     	;# 
   163     029B                     	;# 
   164     029C                     	;# 
   165     029C                     	;# 
   166     029D                     	;# 
   167     029E                     	;# 
   168     029F                     	;# 
   169     0311                     	;# 
   170     0311                     	;# 
   171     0312                     	;# 
   172     0313                     	;# 
   173     0314                     	;# 
   174     0315                     	;# 
   175     0315                     	;# 
   176     0316                     	;# 
   177     0318                     	;# 
   178     0318                     	;# 
   179     0319                     	;# 
   180     031A                     	;# 
   181     031C                     	;# 
   182     031C                     	;# 
   183     031D                     	;# 
   184     031E                     	;# 
   185     0394                     	;# 
   186     0395                     	;# 
   187     0396                     	;# 
   188     0415                     	;# 
   189     0416                     	;# 
   190     0417                     	;# 
   191     041C                     	;# 
   192     041D                     	;# 
   193     041E                     	;# 
   194     0791                     	;# 
   195     0792                     	;# 
   196     0793                     	;# 
   197     0794                     	;# 
   198     0795                     	;# 
   199     0798                     	;# 
   200     0799                     	;# 
   201     07A0                     	;# 
   202     07A1                     	;# 
   203     07A3                     	;# 
   204     07A4                     	;# 
   205     07A6                     	;# 
   206     07A7                     	;# 
   207     07A9                     	;# 
   208     07AA                     	;# 
   209     0FE4                     	;# 
   210     0FE5                     	;# 
   211     0FE6                     	;# 
   212     0FE7                     	;# 
   213     0FE8                     	;# 
   214     0FE9                     	;# 
   215     0FEA                     	;# 
   216     0FEB                     	;# 
   217     0FED                     	;# 
   218     0FEE                     	;# 
   219     0FEF                     	;# 
   220     0000                     	;# 
   221     0001                     	;# 
   222     0002                     	;# 
   223     0003                     	;# 
   224     0004                     	;# 
   225     0005                     	;# 
   226     0006                     	;# 
   227     0007                     	;# 
   228     0008                     	;# 
   229     0009                     	;# 
   230     000A                     	;# 
   231     000B                     	;# 
   232     000C                     	;# 
   233     000D                     	;# 
   234     000E                     	;# 
   235     0010                     	;# 
   236     0011                     	;# 
   237     0012                     	;# 
   238     0013                     	;# 
   239     0015                     	;# 
   240     0016                     	;# 
   241     0016                     	;# 
   242     0017                     	;# 
   243     0018                     	;# 
   244     0019                     	;# 
   245     001A                     	;# 
   246     001B                     	;# 
   247     001C                     	;# 
   248     001E                     	;# 
   249     001F                     	;# 
   250     008C                     	;# 
   251     008D                     	;# 
   252     008E                     	;# 
   253     0090                     	;# 
   254     0091                     	;# 
   255     0092                     	;# 
   256     0093                     	;# 
   257     0095                     	;# 
   258     0096                     	;# 
   259     0097                     	;# 
   260     0098                     	;# 
   261     0099                     	;# 
   262     009A                     	;# 
   263     009B                     	;# 
   264     009B                     	;# 
   265     009C                     	;# 
   266     009D                     	;# 
   267     009E                     	;# 
   268     010C                     	;# 
   269     010D                     	;# 
   270     010E                     	;# 
   271     0110                     	;# 
   272     0111                     	;# 
   273     0112                     	;# 
   274     0113                     	;# 
   275     0114                     	;# 
   276     0115                     	;# 
   277     0116                     	;# 
   278     0117                     	;# 
   279     0118                     	;# 
   280     0119                     	;# 
   281     011A                     	;# 
   282     011B                     	;# 
   283     011D                     	;# 
   284     018C                     	;# 
   285     018D                     	;# 
   286     0191                     	;# 
   287     0191                     	;# 
   288     0192                     	;# 
   289     0193                     	;# 
   290     0193                     	;# 
   291     0193                     	;# 
   292     0194                     	;# 
   293     0195                     	;# 
   294     0196                     	;# 
   295     0199                     	;# 
   296     019A                     	;# 
   297     019B                     	;# 
   298     019B                     	;# 
   299     019B                     	;# 
   300     019B                     	;# 
   301     019C                     	;# 
   302     019C                     	;# 
   303     019D                     	;# 
   304     019E                     	;# 
   305     019F                     	;# 
   306     020D                     	;# 
   307     0210                     	;# 
   308     0211                     	;# 
   309     0212                     	;# 
   310     0213                     	;# 
   311     0214                     	;# 
   312     0215                     	;# 
   313     0215                     	;# 
   314     0216                     	;# 
   315     0217                     	;# 
   316     0291                     	;# 
   317     0291                     	;# 
   318     0292                     	;# 
   319     0293                     	;# 
   320     0294                     	;# 
   321     0295                     	;# 
   322     0295                     	;# 
   323     0296                     	;# 
   324     0298                     	;# 
   325     0298                     	;# 
   326     0299                     	;# 
   327     029A                     	;# 
   328     029B                     	;# 
   329     029C                     	;# 
   330     029C                     	;# 
   331     029D                     	;# 
   332     029E                     	;# 
   333     029F                     	;# 
   334     0311                     	;# 
   335     0311                     	;# 
   336     0312                     	;# 
   337     0313                     	;# 
   338     0314                     	;# 
   339     0315                     	;# 
   340     0315                     	;# 
   341     0316                     	;# 
   342     0318                     	;# 
   343     0318                     	;# 
   344     0319                     	;# 
   345     031A                     	;# 
   346     031C                     	;# 
   347     031C                     	;# 
   348     031D                     	;# 
   349     031E                     	;# 
   350     0394                     	;# 
   351     0395                     	;# 
   352     0396                     	;# 
   353     0415                     	;# 
   354     0416                     	;# 
   355     0417                     	;# 
   356     041C                     	;# 
   357     041D                     	;# 
   358     041E                     	;# 
   359     0791                     	;# 
   360     0792                     	;# 
   361     0793                     	;# 
   362     0794                     	;# 
   363     0795                     	;# 
   364     0798                     	;# 
   365     0799                     	;# 
   366     07A0                     	;# 
   367     07A1                     	;# 
   368     07A3                     	;# 
   369     07A4                     	;# 
   370     07A6                     	;# 
   371     07A7                     	;# 
   372     07A9                     	;# 
   373     07AA                     	;# 
   374     0FE4                     	;# 
   375     0FE5                     	;# 
   376     0FE6                     	;# 
   377     0FE7                     	;# 
   378     0FE8                     	;# 
   379     0FE9                     	;# 
   380     0FEA                     	;# 
   381     0FEB                     	;# 
   382     0FED                     	;# 
   383     0FEE                     	;# 
   384     0FEF                     	;# 
   385                           
   386                           	psect	idataBANK0
   387     062C                     __pidataBANK0:
   388                           
   389                           ;initializer for _data48
   390     062C  3402               	retlw	2
   391     062D  3400               	retlw	0
   392     062E  3400               	retlw	0
   393     062F  34B4               	retlw	180
   394                           
   395                           	psect	idataBANK1
   396     0682                     __pidataBANK1:
   397                           
   398                           ;initializer for _CS
   399     0682  344C               	retlw	76
   400     0683  349F               	retlw	159
   401     0684  34ED               	retlw	237
   402     0685  3462               	retlw	98
   403     0686  349A               	retlw	154
   404     0687  3400               	retlw	0
   405     0688  3400               	retlw	0
   406     0689  3400               	retlw	0
   407     068A  3427               	retlw	39
   408     068B  3400               	retlw	0
   409     068C  3400               	retlw	0
   410     068D  3400               	retlw	0
   411     068E  3473               	retlw	115
   412     068F  34A0               	retlw	160
   413     0690  3471               	retlw	113
   414     0691  3401               	retlw	1
   415     0692  348E               	retlw	142
   416     0693  345D               	retlw	93
   417     0694  342F               	retlw	47
   418     0695  34FC               	retlw	252
   419     0696  3467               	retlw	103
   420     0697  3400               	retlw	0
   421     0698  3400               	retlw	0
   422     0699  3400               	retlw	0
   423     069A  34DA               	retlw	218
   424     069B  3400               	retlw	0
   425     069C  3400               	retlw	0
   426     069D  3400               	retlw	0
   427     069E  3412               	retlw	18
   428     069F  34A0               	retlw	160
   429     06A0  3471               	retlw	113
   430     06A1  3401               	retlw	1
   431     06A2  342D               	retlw	45
   432     06A3  34FE               	retlw	254
   433     06A4  348C               	retlw	140
   434     06A5  345F               	retlw	95
   435     06A6  342C               	retlw	44
   436     06A7  3400               	retlw	0
   437     06A8  3400               	retlw	0
   438     06A9  3400               	retlw	0
   439     06AA  3438               	retlw	56
   440     06AB  34EB               	retlw	235
   441     06AC  3499               	retlw	153
   442     06AD  344A               	retlw	74
   443     06AE  3412               	retlw	18
   444     06AF  34C1               	retlw	193
   445     06B0  34B3               	retlw	179
   446     06B1  3460               	retlw	96
   447     06B2  34EF               	retlw	239
   448     06B3  343C               	retlw	60
   449     06B4  344E               	retlw	78
   450     06B5  349D               	retlw	157
   451     06B6  34D1               	retlw	209
   452     06B7  3400               	retlw	0
   453     06B8  3400               	retlw	0
   454     06B9  3400               	retlw	0
   455     06BA  346C               	retlw	108
   456     06BB  3400               	retlw	0
   457     06BC  3400               	retlw	0
   458     06BD  3400               	retlw	0
   459     06BE  34D0               	retlw	208
   460     06BF  3403               	retlw	3
   461     06C0  3471               	retlw	113
   462     06C1  34A2               	retlw	162
   463     000E                     _PORTCbits	set	14
   464     000D                     _PORTBbits	set	13
   465     000C                     _PORTAbits	set	12
   466     001B                     _PR2	set	27
   467     0010                     _PORTE	set	16
   468     000E                     _PORTC	set	14
   469     000D                     _PORTB	set	13
   470     000C                     _PORTA	set	12
   471     00E0                     _T2CKPS0	set	224
   472     00E1                     _T2CKPS1	set	225
   473     00E2                     _TMR2ON	set	226
   474     0089                     _TMR2IF	set	137
   475     0090                     _TRISE	set	144
   476     008E                     _TRISC	set	142
   477     008D                     _TRISB	set	141
   478     008C                     _TRISA	set	140
   479     0098                     _OSCTUNE	set	152
   480     0099                     _OSCCON	set	153
   481     0110                     _LATE	set	272
   482     010E                     _LATC	set	270
   483     010C                     _LATA	set	268
   484     010D                     _LATB	set	269
   485     08EE                     _CCP3SEL	set	2286
   486     018D                     _ANSELB	set	397
   487     018C                     _ANSELA	set	396
   488     0313                     _CCP3CON	set	787
   489     0311                     _CCPR3L	set	785
   490                           
   491                           	psect	cinit
   492     07DD                     start_initialization:	
   493                           ; #config settings
   494                           
   495     07DD                     __initialization:
   496                           
   497                           ; Initialize objects allocated to BANK0
   498     07DD  302C               	movlw	low __pidataBANK0
   499     07DE  0084               	movwf	4
   500     07DF  3086               	movlw	(high __pidataBANK0)| (0+128)
   501     07E0  0085               	movwf	5
   502     07E1  3039               	movlw	low __pdataBANK0
   503     07E2  0086               	movwf	6
   504     07E3  3000               	movlw	high __pdataBANK0
   505     07E4  0087               	movwf	7
   506     07E5  3004               	movlw	4
   507     07E6  3186  2636  3187   	fcall	init_ram
   508                           
   509                           ; Initialize objects allocated to BANK1
   510     07E9  3082               	movlw	low __pidataBANK1
   511     07EA  0084               	movwf	4
   512     07EB  3086               	movlw	(high __pidataBANK1)| (0+128)
   513     07EC  0085               	movwf	5
   514     07ED  30A0               	movlw	low __pdataBANK1
   515     07EE  0086               	movwf	6
   516     07EF  3000               	movlw	high __pdataBANK1
   517     07F0  0087               	movwf	7
   518     07F1  3040               	movlw	64
   519     07F2  3186  2636  3187   	fcall	init_ram
   520                           
   521                           ; Clear objects allocated to BANK0
   522     07F5  3020               	movlw	low __pbssBANK0
   523     07F6  0084               	movwf	4
   524     07F7  3000               	movlw	high __pbssBANK0
   525     07F8  0085               	movwf	5
   526     07F9  3019               	movlw	25
   527     07FA  3186  2630  3187   	fcall	clear_ram0
   528     07FD                     end_of_initialization:	
   529                           ;End of C runtime variable initialization code
   530                           
   531     07FD                     __end_of__initialization:
   532     07FD  0020               	movlb	0
   533     07FE  3186  2EC2         	ljmp	_main	;jump to C main() function
   534                           
   535                           	psect	bssBANK0
   536     0020                     __pbssBANK0:
   537     0020                     _tx_Data:
   538     0020                     	ds	11
   539     002B                     PWM@F2775:
   540     002B                     	ds	8
   541     0033                     _b:
   542     0033                     	ds	1
   543     0034                     _a:
   544     0034                     	ds	1
   545     0035                     _fException:
   546     0035                     	ds	1
   547     0036                     _csFlag:
   548     0036                     	ds	1
   549     0037                     _D3:
   550     0037                     	ds	1
   551     0038                     _D2:
   552     0038                     	ds	1
   553                           
   554                           	psect	dataBANK0
   555     0039                     __pdataBANK0:
   556     0039                     _data48:
   557     0039                     	ds	4
   558                           
   559                           	psect	dataBANK1
   560     00A0                     __pdataBANK1:
   561     00A0                     _CS:
   562     00A0                     	ds	64
   563                           
   564                           	psect	inittext
   565     0636                     init_ram:
   566     0636  00FE               	movwf	btemp
   567     0637                     initloop:
   568     0637  0012               	moviw fsr0++
   569     0638  001E               	movwi fsr1++
   570     0639  0BFE               	decfsz	btemp,f
   571     063A  2E37               	goto	initloop
   572     063B  3400               	retlw	0
   573                           
   574                           	psect	clrtext
   575     0630                     clear_ram0:	
   576                           ;	Called with FSR0 containing the base address, and
   577                           ;	WREG with the size to clear
   578                           
   579     0630  0064               	clrwdt	;clear the watchdog before getting into this loop
   580     0631                     clrloop0:
   581     0631  0180               	clrf	0	;clear RAM location pointed to by FSR
   582     0632  3101               	addfsr 0,1
   583     0633  0B89               	decfsz	9,f	;Have we reached the end of clearing yet?
   584     0634  2E31               	goto	clrloop0	;have we reached the end yet?
   585     0635  3400               	retlw	0	;all done for this memory range, return
   586                           
   587                           	psect	cstackCOMMON
   588     0070                     __pcstackCOMMON:
   589     0070                     ?_wait_for_pwm_cycle_complete:
   590     0070                     ??_wait_for_pwm_cycle_complete:	
   591                           ; 1 bytes @ 0x0
   592                           
   593     0070                     ?_PWM:	
   594                           ; 1 bytes @ 0x0
   595                           
   596     0070                     ??_PWM:	
   597                           ; 1 bytes @ 0x0
   598                           
   599     0070                     ?_Hardware_Init:	
   600                           ; 1 bytes @ 0x0
   601                           
   602     0070                     ??_Hardware_Init:	
   603                           ; 1 bytes @ 0x0
   604                           
   605     0070                     ?_Check_Input:	
   606                           ; 1 bytes @ 0x0
   607                           
   608     0070                     ??_Check_Input:	
   609                           ; 1 bytes @ 0x0
   610                           
   611     0070                     ?_main:	
   612                           ; 1 bytes @ 0x0
   613                           
   614                           
   615                           ; 2 bytes @ 0x0
   616     0070                     	ds	1
   617     0071                     PWM@Dbit:
   618                           
   619                           ; 8 bytes @ 0x1
   620     0071                     	ds	8
   621     0079                     PWM@i_198:
   622                           
   623                           ; 1 bytes @ 0x9
   624     0079                     	ds	1
   625     007A                     PWM@i:
   626                           
   627                           ; 1 bytes @ 0xA
   628     007A                     	ds	1
   629     007B                     PWM@num:
   630                           
   631                           ; 1 bytes @ 0xB
   632     007B                     	ds	1
   633     007C                     ??_main:
   634                           
   635                           ; 1 bytes @ 0xC
   636     007C                     	ds	1
   637     007D                     main@i:
   638                           
   639                           ; 1 bytes @ 0xD
   640     007D                     	ds	1
   641                           
   642                           	psect	maintext
   643     06C2                     __pmaintext:	
   644 ;;
   645 ;;Main: autosize = 0, tempsize = 1, incstack = 0, save=0
   646 ;;
   647 ;; *************** function _main *****************
   648 ;; Defined at:
   649 ;;		line 492 in file "TY1410_TX.c"
   650 ;; Parameters:    Size  Location     Type
   651 ;;		None
   652 ;; Auto vars:     Size  Location     Type
   653 ;;  i               1   13[COMMON] unsigned char 
   654 ;; Return value:  Size  Location     Type
   655 ;;                  2  117[None  ] int 
   656 ;; Registers used:
   657 ;;		wreg, fsr1l, fsr1h, status,2, status,0, pclath, cstack
   658 ;; Tracked objects:
   659 ;;		On entry : B1F/0
   660 ;;		On exit  : 0/0
   661 ;;		Unchanged: 0/0
   662 ;; Data sizes:     COMMON   BANK0   BANK1   BANK2   BANK3   BANK4   BANK5   BANK6
   663 ;;      Params:         0       0       0       0       0       0       0       0
   664 ;;      Locals:         1       0       0       0       0       0       0       0
   665 ;;      Temps:          1       0       0       0       0       0       0       0
   666 ;;      Totals:         2       0       0       0       0       0       0       0
   667 ;;Total ram usage:        2 bytes
   668 ;; Hardware stack levels required when called: 2
   669 ;; This function calls:
   670 ;;		_Check_Input
   671 ;;		_Hardware_Init
   672 ;;		_PWM
   673 ;; This function is called by:
   674 ;;		Startup code after reset
   675 ;; This function uses a non-reentrant model
   676 ;;
   677                           
   678     06C2                     _main:	
   679                           ;psect for function _main
   680                           
   681     06C2                     l1029:	
   682                           ;incstack = 0
   683                           ; Regs used in _main: [wreg+fsr1l+fsr1h+status,2+status,0+pclath+cstack]
   684                           
   685                           
   686                           ;TY1410_TX.c: 493:   Hardware_Init();
   687     06C2  3186  2643  3186   	fcall	_Hardware_Init
   688     06C5                     l118:	
   689                           ;TY1410_TX.c: 494:   while (1) {
   690                           
   691                           
   692                           ;TY1410_TX.c: 495:     Check_Input();
   693     06C5  3187  270A  3186   	fcall	_Check_Input
   694     06C8                     l1031:
   695                           
   696                           ;TY1410_TX.c: 498:     tx_Data[0] = 0xC8;
   697     06C8  30C8               	movlw	200
   698     06C9  0020               	movlb	0	; select bank0
   699     06CA  00A0               	movwf	_tx_Data
   700     06CB                     l1033:
   701                           
   702                           ;TY1410_TX.c: 499:     tx_Data[1] = 0x8B;
   703     06CB  308B               	movlw	139
   704     06CC  00A1               	movwf	_tx_Data+1
   705     06CD                     l1035:
   706                           
   707                           ;TY1410_TX.c: 500:     tx_Data[2] = 0x00;
   708     06CD  01A2               	clrf	_tx_Data+2
   709     06CE                     l1037:
   710                           
   711                           ;TY1410_TX.c: 502:     tx_Data[3] = 0x00;
   712     06CE  01A3               	clrf	_tx_Data+3
   713     06CF                     l1039:
   714                           
   715                           ;TY1410_TX.c: 504:     tx_Data[4] = 0x00;
   716     06CF  01A4               	clrf	_tx_Data+4
   717     06D0                     l1041:
   718                           
   719                           ;TY1410_TX.c: 505:     tx_Data[5] = 0x00;
   720     06D0  01A5               	clrf	_tx_Data+5
   721     06D1                     l1043:
   722                           
   723                           ;TY1410_TX.c: 506:     tx_Data[6] = 0x00;
   724     06D1  01A6               	clrf	_tx_Data+6
   725     06D2                     l1045:
   726                           
   727                           ;TY1410_TX.c: 507:     tx_Data[7] = 0x00;
   728     06D2  01A7               	clrf	_tx_Data+7
   729     06D3                     l1047:
   730                           
   731                           ;TY1410_TX.c: 508:     tx_Data[8] = 0x00;
   732     06D3  01A8               	clrf	_tx_Data+8
   733     06D4                     l1049:
   734                           
   735                           ;TY1410_TX.c: 509:     tx_Data[9] = 0x00;
   736     06D4  01A9               	clrf	_tx_Data+9
   737     06D5                     l1051:
   738                           
   739                           ;TY1410_TX.c: 510:     tx_Data[10] = 0x04C;
   740     06D5  304C               	movlw	76
   741     06D6  00AA               	movwf	_tx_Data+10
   742     06D7                     l1053:
   743                           
   744                           ;TY1410_TX.c: 512:     tx_Data[2] = D2.Byte;
   745     06D7  0838               	movf	_D2,w
   746     06D8  00A2               	movwf	_tx_Data+2
   747     06D9                     l1055:
   748                           
   749                           ;TY1410_TX.c: 513:     tx_Data[3] = D3.Byte;
   750     06D9  0837               	movf	_D3,w
   751     06DA  00A3               	movwf	_tx_Data+3
   752     06DB                     l1057:
   753                           
   754                           ;TY1410_TX.c: 515:     if (fException == 1) {
   755     06DB  0335               	decf	_fException,w
   756     06DC  1D03               	btfss	3,2
   757     06DD  2EDF               	goto	u371
   758     06DE  2EE0               	goto	u370
   759     06DF                     u371:
   760     06DF  2EE4               	goto	l1063
   761     06E0                     u370:
   762     06E0                     l1059:
   763                           
   764                           ;TY1410_TX.c: 516:       fException = 0;
   765     06E0  01B5               	clrf	_fException
   766     06E1                     l1061:
   767                           
   768                           ;TY1410_TX.c: 517:       tx_Data[10] = 0xD5;
   769     06E1  30D5               	movlw	213
   770     06E2  00AA               	movwf	_tx_Data+10
   771                           
   772                           ;TY1410_TX.c: 518:     } else {
   773     06E3  2EEA               	goto	l1065
   774     06E4                     l1063:
   775                           
   776                           ;TY1410_TX.c: 519:       tx_Data[10] = CS[csFlag.Byte];
   777     06E4  0836               	movf	_csFlag,w
   778     06E5  3EA0               	addlw	(low (_CS| 0))& (0+255)
   779     06E6  0086               	movwf	6
   780     06E7  0187               	clrf	7
   781     06E8  0801               	movf	1,w
   782     06E9  00AA               	movwf	_tx_Data+10
   783     06EA                     l1065:
   784                           
   785                           ;TY1410_TX.c: 522:     for (uint8_t i = 0; i < 11; i++) {
   786     06EA  01FD               	clrf	main@i
   787     06EB                     l1071:
   788                           
   789                           ;TY1410_TX.c: 523:       PWM(tx_Data[i]);
   790     06EB  087D               	movf	main@i,w
   791     06EC  3E20               	addlw	(low (_tx_Data| 0))& (0+255)
   792     06ED  0086               	movwf	6
   793     06EE  0187               	clrf	7
   794     06EF  0801               	movf	1,w
   795     06F0  3187  2753  3186   	fcall	_PWM
   796     06F3                     l1073:
   797                           
   798                           ;TY1410_TX.c: 524:     }
   799     06F3  3001               	movlw	1
   800     06F4  00FC               	movwf	??_main
   801     06F5  087C               	movf	??_main,w
   802     06F6  07FD               	addwf	main@i,f
   803     06F7                     l1075:
   804     06F7  300B               	movlw	11
   805     06F8  027D               	subwf	main@i,w
   806     06F9  1C03               	skipc
   807     06FA  2EFC               	goto	u381
   808     06FB  2EFD               	goto	u380
   809     06FC                     u381:
   810     06FC  2EEB               	goto	l1071
   811     06FD                     u380:
   812     06FD                     l1077:
   813                           
   814                           ;TY1410_TX.c: 1186:     CCPR3L = 30;
   815     06FD  301E               	movlw	30
   816     06FE  0026               	movlb	6	; select bank6
   817     06FF  0091               	movwf	17	;volatile
   818                           
   819                           ;TY1410_TX.c: 1187:     _delay((unsigned long)((20)*(32000000/4000.0)));
   820     0700  30D0               	movlw	208
   821     0701  00FC               	movwf	??_main
   822     0702  30CA               	movlw	202
   823     0703                     u397:
   824     0703  0B89               	decfsz	9,f
   825     0704  2F03               	goto	u397
   826     0705  0BFC               	decfsz	??_main,f
   827     0706  2F03               	goto	u397
   828     0707  2EC5               	goto	l118
   829     0708  3180  2802         	ljmp	start
   830     070A                     __end_of_main:
   831                           
   832                           	psect	text1
   833     0753                     __ptext1:	
   834 ;; *************** function _PWM *****************
   835 ;; Defined at:
   836 ;;		line 340 in file "TY1410_TX.c"
   837 ;; Parameters:    Size  Location     Type
   838 ;;  num             1    wreg     unsigned char 
   839 ;; Auto vars:     Size  Location     Type
   840 ;;  num             1   11[COMMON] unsigned char 
   841 ;;  i               1    9[COMMON] unsigned char 
   842 ;;  i               1   10[COMMON] unsigned char 
   843 ;;  Dbit            8    1[COMMON] unsigned char [8]
   844 ;; Return value:  Size  Location     Type
   845 ;;                  1    wreg      void 
   846 ;; Registers used:
   847 ;;		wreg, fsr1l, fsr1h, status,2, status,0, pclath, cstack
   848 ;; Tracked objects:
   849 ;;		On entry : 0/0
   850 ;;		On exit  : 0/0
   851 ;;		Unchanged: 0/0
   852 ;; Data sizes:     COMMON   BANK0   BANK1   BANK2   BANK3   BANK4   BANK5   BANK6
   853 ;;      Params:         0       0       0       0       0       0       0       0
   854 ;;      Locals:        11       0       0       0       0       0       0       0
   855 ;;      Temps:          1       0       0       0       0       0       0       0
   856 ;;      Totals:        12       0       0       0       0       0       0       0
   857 ;;Total ram usage:       12 bytes
   858 ;; Hardware stack levels used: 1
   859 ;; Hardware stack levels required when called: 1
   860 ;; This function calls:
   861 ;;		_wait_for_pwm_cycle_complete
   862 ;; This function is called by:
   863 ;;		_main
   864 ;; This function uses a non-reentrant model
   865 ;;
   866                           
   867     0753                     _PWM:	
   868                           ;psect for function _PWM
   869                           
   870                           
   871                           ;incstack = 0
   872                           ; Regs used in _PWM: [wreg+fsr1l+fsr1h+status,2+status,0+pclath+cstack]
   873                           ;PWM@num stored from wreg
   874     0753  00FB               	movwf	PWM@num
   875     0754                     l909:
   876                           
   877                           ;TY1410_TX.c: 341:   unsigned char Dbit[8] = {0};
   878     0754  3071               	movlw	low PWM@Dbit
   879     0755  0086               	movwf	6
   880     0756  3000               	movlw	high PWM@Dbit
   881     0757  0087               	movwf	7
   882     0758  3008               	movlw	8
   883     0759  00F0               	movwf	??_PWM
   884     075A  3000               	movlw	0
   885     075B                     u210:
   886     075B  001E               	movwi fsr1++
   887     075C  0BF0               	decfsz	??_PWM,f
   888     075D  2F5B               	goto	u210
   889     075E                     l911:
   890                           
   891                           ;TY1410_TX.c: 342:   Dbit[0] = (num >> 0) & 0x01;
   892     075E  087B               	movf	PWM@num,w
   893     075F  3901               	andlw	1
   894     0760  00F1               	movwf	PWM@Dbit
   895     0761                     l913:
   896                           
   897                           ;TY1410_TX.c: 343:   Dbit[1] = (num >> 1) & 0x01;
   898     0761  367B               	lsrf	PWM@num,w
   899     0762  3901               	andlw	1
   900     0763  00F2               	movwf	PWM@Dbit+1
   901     0764                     l915:
   902                           
   903                           ;TY1410_TX.c: 344:   Dbit[2] = (num >> 2) & 0x01;
   904     0764  087B               	movf	PWM@num,w
   905     0765  00F0               	movwf	??_PWM
   906     0766  3002               	movlw	2
   907     0767                     u225:
   908     0767  36F0               	lsrf	??_PWM,f
   909     0768  0B89               	decfsz	9,f
   910     0769  2F67               	goto	u225
   911     076A  0870               	movf	??_PWM,w
   912     076B  3901               	andlw	1
   913     076C  00F3               	movwf	PWM@Dbit+2
   914     076D                     l917:
   915                           
   916                           ;TY1410_TX.c: 345:   Dbit[3] = (num >> 3) & 0x01;
   917     076D  087B               	movf	PWM@num,w
   918     076E  00F0               	movwf	??_PWM
   919     076F  3003               	movlw	3
   920     0770                     u235:
   921     0770  36F0               	lsrf	??_PWM,f
   922     0771  0B89               	decfsz	9,f
   923     0772  2F70               	goto	u235
   924     0773  0870               	movf	??_PWM,w
   925     0774  3901               	andlw	1
   926     0775  00F4               	movwf	PWM@Dbit+3
   927     0776                     l919:
   928                           
   929                           ;TY1410_TX.c: 346:   Dbit[4] = (num >> 4) & 0x01;
   930     0776  087B               	movf	PWM@num,w
   931     0777  00F0               	movwf	??_PWM
   932     0778  3004               	movlw	4
   933     0779                     u245:
   934     0779  36F0               	lsrf	??_PWM,f
   935     077A  0B89               	decfsz	9,f
   936     077B  2F79               	goto	u245
   937     077C  0870               	movf	??_PWM,w
   938     077D  3901               	andlw	1
   939     077E  00F5               	movwf	PWM@Dbit+4
   940     077F                     l921:
   941                           
   942                           ;TY1410_TX.c: 347:   Dbit[5] = (num >> 5) & 0x01;
   943     077F  087B               	movf	PWM@num,w
   944     0780  00F0               	movwf	??_PWM
   945     0781  3005               	movlw	5
   946     0782                     u255:
   947     0782  36F0               	lsrf	??_PWM,f
   948     0783  0B89               	decfsz	9,f
   949     0784  2F82               	goto	u255
   950     0785  0870               	movf	??_PWM,w
   951     0786  3901               	andlw	1
   952     0787  00F6               	movwf	PWM@Dbit+5
   953     0788                     l923:
   954                           
   955                           ;TY1410_TX.c: 348:   Dbit[6] = (num >> 6) & 0x01;
   956     0788  087B               	movf	PWM@num,w
   957     0789  00F0               	movwf	??_PWM
   958     078A  3006               	movlw	6
   959     078B                     u265:
   960     078B  36F0               	lsrf	??_PWM,f
   961     078C  0B89               	decfsz	9,f
   962     078D  2F8B               	goto	u265
   963     078E  0870               	movf	??_PWM,w
   964     078F  3901               	andlw	1
   965     0790  00F7               	movwf	PWM@Dbit+6
   966     0791                     l925:
   967                           
   968                           ;TY1410_TX.c: 349:   Dbit[7] = (num >> 7) & 0x01;
   969     0791  087B               	movf	PWM@num,w
   970     0792  00F0               	movwf	??_PWM
   971     0793  3007               	movlw	7
   972     0794                     u275:
   973     0794  36F0               	lsrf	??_PWM,f
   974     0795  0B89               	decfsz	9,f
   975     0796  2F94               	goto	u275
   976     0797  0870               	movf	??_PWM,w
   977     0798  3901               	andlw	1
   978     0799  00F8               	movwf	PWM@Dbit+7
   979     079A                     l927:
   980                           
   981                           ;TY1410_TX.c: 350:   wait_for_pwm_cycle_complete();
   982     079A  3186  263C  3187   	fcall	_wait_for_pwm_cycle_complete
   983     079D                     l929:
   984                           
   985                           ;TY1410_TX.c: 351:   CCPR3L = 55;
   986     079D  3037               	movlw	55
   987     079E  0026               	movlb	6	; select bank6
   988     079F  0091               	movwf	17	;volatile
   989     07A0                     l931:
   990                           
   991                           ;TY1410_TX.c: 353:   for (uint8_t i = 0; i < 8; i++) {
   992     07A0  01FA               	clrf	PWM@i
   993     07A1                     l937:
   994                           
   995                           ;TY1410_TX.c: 354:     if (Dbit[i] == 1) {
   996     07A1  087A               	movf	PWM@i,w
   997     07A2  3E71               	addlw	(low (PWM@Dbit| 0))& (0+255)
   998     07A3  0086               	movwf	6
   999     07A4  0187               	clrf	7
  1000     07A5  0301               	decf	1,w
  1001     07A6  1D03               	btfss	3,2
  1002     07A7  2FA9               	goto	u281
  1003     07A8  2FAA               	goto	u280
  1004     07A9                     u281:
  1005     07A9  2FB1               	goto	l941
  1006     07AA                     u280:
  1007     07AA                     l939:
  1008                           
  1009                           ;TY1410_TX.c: 355:       Dbit[i] = 30;
  1010     07AA  087A               	movf	PWM@i,w
  1011     07AB  3E71               	addlw	(low (PWM@Dbit| 0))& (0+255)
  1012     07AC  0086               	movwf	6
  1013     07AD  0187               	clrf	7
  1014     07AE  301E               	movlw	30
  1015     07AF  0081               	movwf	1
  1016                           
  1017                           ;TY1410_TX.c: 356:     } else {
  1018     07B0  2FB7               	goto	l943
  1019     07B1                     l941:
  1020                           
  1021                           ;TY1410_TX.c: 357:       Dbit[i] = 55;
  1022     07B1  087A               	movf	PWM@i,w
  1023     07B2  3E71               	addlw	(low (PWM@Dbit| 0))& (0+255)
  1024     07B3  0086               	movwf	6
  1025     07B4  0187               	clrf	7
  1026     07B5  3037               	movlw	55
  1027     07B6  0081               	movwf	1
  1028     07B7                     l943:
  1029                           
  1030                           ;TY1410_TX.c: 359:     wait_for_pwm_cycle_complete();
  1031     07B7  3186  263C  3187   	fcall	_wait_for_pwm_cycle_complete
  1032     07BA                     l945:
  1033                           
  1034                           ;TY1410_TX.c: 360:     CCPR3L = Dbit[i];
  1035     07BA  087A               	movf	PWM@i,w
  1036     07BB  3E71               	addlw	(low (PWM@Dbit| 0))& (0+255)
  1037     07BC  0086               	movwf	6
  1038     07BD  0187               	clrf	7
  1039     07BE  0801               	movf	1,w
  1040     07BF  0026               	movlb	6	; select bank6
  1041     07C0  0091               	movwf	17	;volatile
  1042     07C1                     l947:
  1043                           
  1044                           ;TY1410_TX.c: 361:   }
  1045     07C1  3001               	movlw	1
  1046     07C2  00F0               	movwf	??_PWM
  1047     07C3  0870               	movf	??_PWM,w
  1048     07C4  07FA               	addwf	PWM@i,f
  1049     07C5                     l949:
  1050     07C5  3008               	movlw	8
  1051     07C6  027A               	subwf	PWM@i,w
  1052     07C7  1C03               	skipc
  1053     07C8  2FCA               	goto	u291
  1054     07C9  2FCB               	goto	u290
  1055     07CA                     u291:
  1056     07CA  2FA1               	goto	l937
  1057     07CB                     u290:
  1058     07CB                     l951:
  1059                           
  1060                           ;TY1410_TX.c: 363:   for (uint8_t i = 0; i < 8; i++) {
  1061     07CB  01F9               	clrf	PWM@i_198
  1062     07CC                     l957:
  1063                           
  1064                           ;TY1410_TX.c: 364:     wait_for_pwm_cycle_complete();
  1065     07CC  3186  263C  3187   	fcall	_wait_for_pwm_cycle_complete
  1066     07CF                     l959:
  1067                           
  1068                           ;TY1410_TX.c: 365:     CCPR3L = 30;
  1069     07CF  301E               	movlw	30
  1070     07D0  0026               	movlb	6	; select bank6
  1071     07D1  0091               	movwf	17	;volatile
  1072     07D2                     l961:
  1073                           
  1074                           ;TY1410_TX.c: 366:   }
  1075     07D2  3001               	movlw	1
  1076     07D3  00F0               	movwf	??_PWM
  1077     07D4  0870               	movf	??_PWM,w
  1078     07D5  07F9               	addwf	PWM@i_198,f
  1079     07D6                     l963:
  1080     07D6  3008               	movlw	8
  1081     07D7  0279               	subwf	PWM@i_198,w
  1082     07D8  1C03               	skipc
  1083     07D9  2FDB               	goto	u301
  1084     07DA  2FDC               	goto	u300
  1085     07DB                     u301:
  1086     07DB  2FCC               	goto	l957
  1087     07DC                     u300:
  1088     07DC                     l95:
  1089     07DC  0008               	return
  1090     07DD                     __end_of_PWM:
  1091                           
  1092                           	psect	text2
  1093     063C                     __ptext2:	
  1094 ;; *************** function _wait_for_pwm_cycle_complete *****************
  1095 ;; Defined at:
  1096 ;;		line 331 in file "TY1410_TX.c"
  1097 ;; Parameters:    Size  Location     Type
  1098 ;;		None
  1099 ;; Auto vars:     Size  Location     Type
  1100 ;;		None
  1101 ;; Return value:  Size  Location     Type
  1102 ;;                  1    wreg      void 
  1103 ;; Registers used:
  1104 ;;		None
  1105 ;; Tracked objects:
  1106 ;;		On entry : 0/0
  1107 ;;		On exit  : 0/0
  1108 ;;		Unchanged: 0/0
  1109 ;; Data sizes:     COMMON   BANK0   BANK1   BANK2   BANK3   BANK4   BANK5   BANK6
  1110 ;;      Params:         0       0       0       0       0       0       0       0
  1111 ;;      Locals:         0       0       0       0       0       0       0       0
  1112 ;;      Temps:          0       0       0       0       0       0       0       0
  1113 ;;      Totals:         0       0       0       0       0       0       0       0
  1114 ;;Total ram usage:        0 bytes
  1115 ;; Hardware stack levels used: 1
  1116 ;; This function calls:
  1117 ;;		Nothing
  1118 ;; This function is called by:
  1119 ;;		_PWM
  1120 ;; This function uses a non-reentrant model
  1121 ;;
  1122                           
  1123     063C                     _wait_for_pwm_cycle_complete:	
  1124                           ;psect for function _wait_for_pwm_cycle_complete
  1125                           
  1126     063C                     l80:	
  1127                           ;incstack = 0
  1128                           ; Regs used in _wait_for_pwm_cycle_complete: []
  1129                           ;TY1410_TX.c: 332:   while (1) {
  1130                           
  1131                           
  1132                           ;TY1410_TX.c: 333:     if (TMR2IF) {
  1133     063C  0020               	movlb	0	; select bank0
  1134     063D  1C91               	btfss	17,1	;volatile
  1135     063E  2E40               	goto	u201
  1136     063F  2E41               	goto	u200
  1137     0640                     u201:
  1138     0640  2E3C               	goto	l80
  1139     0641                     u200:
  1140     0641                     l907:
  1141                           
  1142                           ;TY1410_TX.c: 334:       TMR2IF = 0;
  1143     0641  1091               	bcf	17,1	;volatile
  1144     0642                     l84:	
  1145                           ;TY1410_TX.c: 335:       break;
  1146                           
  1147     0642  0008               	return
  1148     0643                     __end_of_wait_for_pwm_cycle_complete:
  1149                           
  1150                           	psect	text3
  1151     0643                     __ptext3:	
  1152 ;; *************** function _Hardware_Init *****************
  1153 ;; Defined at:
  1154 ;;		line 369 in file "TY1410_TX.c"
  1155 ;; Parameters:    Size  Location     Type
  1156 ;;		None
  1157 ;; Auto vars:     Size  Location     Type
  1158 ;;		None
  1159 ;; Return value:  Size  Location     Type
  1160 ;;                  1    wreg      void 
  1161 ;; Registers used:
  1162 ;;		wreg, status,2
  1163 ;; Tracked objects:
  1164 ;;		On entry : 0/0
  1165 ;;		On exit  : 0/0
  1166 ;;		Unchanged: 0/0
  1167 ;; Data sizes:     COMMON   BANK0   BANK1   BANK2   BANK3   BANK4   BANK5   BANK6
  1168 ;;      Params:         0       0       0       0       0       0       0       0
  1169 ;;      Locals:         0       0       0       0       0       0       0       0
  1170 ;;      Temps:          2       0       0       0       0       0       0       0
  1171 ;;      Totals:         2       0       0       0       0       0       0       0
  1172 ;;Total ram usage:        2 bytes
  1173 ;; Hardware stack levels used: 1
  1174 ;; This function calls:
  1175 ;;		Nothing
  1176 ;; This function is called by:
  1177 ;;		_main
  1178 ;; This function uses a non-reentrant model
  1179 ;;
  1180                           
  1181     0643                     _Hardware_Init:	
  1182                           ;psect for function _Hardware_Init
  1183                           
  1184     0643                     l965:	
  1185                           ;incstack = 0
  1186                           ; Regs used in _Hardware_Init: [wreg+status,2]
  1187                           
  1188                           
  1189                           ;TY1410_TX.c: 370:   OSCCON = 0b11110000;
  1190     0643  30F0               	movlw	240
  1191     0644  0021               	movlb	1	; select bank1
  1192     0645  0099               	movwf	25	;volatile
  1193                           
  1194                           ;TY1410_TX.c: 372:   OSCTUNE = 0b00111111;
  1195     0646  303F               	movlw	63
  1196     0647  0098               	movwf	24	;volatile
  1197     0648                     l967:
  1198                           
  1199                           ;TY1410_TX.c: 373:   ANSELA = 0b00000000;
  1200     0648  0023               	movlb	3	; select bank3
  1201     0649  018C               	clrf	12	;volatile
  1202     064A                     l969:
  1203                           
  1204                           ;TY1410_TX.c: 374:   PORTA = 0;
  1205     064A  0020               	movlb	0	; select bank0
  1206     064B  018C               	clrf	12	;volatile
  1207                           
  1208                           ;TY1410_TX.c: 375:   TRISA = 0b00011111;
  1209     064C  301F               	movlw	31
  1210     064D  0021               	movlb	1	; select bank1
  1211     064E  008C               	movwf	12	;volatile
  1212     064F                     l971:
  1213                           
  1214                           ;TY1410_TX.c: 376:   LATA = 0b00000000;
  1215     064F  0022               	movlb	2	; select bank2
  1216     0650  018C               	clrf	12	;volatile
  1217     0651                     l973:
  1218                           
  1219                           ;TY1410_TX.c: 377:   ANSELB = 0b00000000;
  1220     0651  0023               	movlb	3	; select bank3
  1221     0652  018D               	clrf	13	;volatile
  1222     0653                     l975:
  1223                           
  1224                           ;TY1410_TX.c: 378:   PORTB = 0;
  1225     0653  0020               	movlb	0	; select bank0
  1226     0654  018D               	clrf	13	;volatile
  1227     0655                     l977:
  1228                           
  1229                           ;TY1410_TX.c: 379:   TRISB = 0b00000000;
  1230     0655  0021               	movlb	1	; select bank1
  1231     0656  018D               	clrf	13	;volatile
  1232     0657                     l979:
  1233                           
  1234                           ;TY1410_TX.c: 380:   LATB = 0b00000000;
  1235     0657  0022               	movlb	2	; select bank2
  1236     0658  018D               	clrf	13	;volatile
  1237     0659                     l981:
  1238                           
  1239                           ;TY1410_TX.c: 381:   PORTC = 0;
  1240     0659  0020               	movlb	0	; select bank0
  1241     065A  018E               	clrf	14	;volatile
  1242                           
  1243                           ;TY1410_TX.c: 382:   TRISC = 0b10001010;
  1244     065B  308A               	movlw	138
  1245     065C  0021               	movlb	1	; select bank1
  1246     065D  008E               	movwf	14	;volatile
  1247     065E                     l983:
  1248                           
  1249                           ;TY1410_TX.c: 383:   LATC = 0b00000000;
  1250     065E  0022               	movlb	2	; select bank2
  1251     065F  018E               	clrf	14	;volatile
  1252     0660                     l985:
  1253                           
  1254                           ;TY1410_TX.c: 384:   PORTE = 0;
  1255     0660  0020               	movlb	0	; select bank0
  1256     0661  0190               	clrf	16	;volatile
  1257     0662                     l987:
  1258                           
  1259                           ;TY1410_TX.c: 385:   TRISE = 0b00000000;
  1260     0662  0021               	movlb	1	; select bank1
  1261     0663  0190               	clrf	16	;volatile
  1262     0664                     l989:
  1263                           
  1264                           ;TY1410_TX.c: 386:   LATE = 0b00000000;
  1265     0664  0022               	movlb	2	; select bank2
  1266     0665  0190               	clrf	16	;volatile
  1267                           
  1268                           ;TY1410_TX.c: 387:   _delay((unsigned long)((100)*(32000000/4000.0)));
  1269     0666  3005               	movlw	5
  1270     0667  00F1               	movwf	??_Hardware_Init+1
  1271     0668  300F               	movlw	15
  1272     0669  00F0               	movwf	??_Hardware_Init
  1273     066A  30F1               	movlw	241
  1274     066B                     u407:
  1275     066B  0B89               	decfsz	9,f
  1276     066C  2E6B               	goto	u407
  1277     066D  0BF0               	decfsz	??_Hardware_Init,f
  1278     066E  2E6B               	goto	u407
  1279     066F  0BF1               	decfsz	??_Hardware_Init+1,f
  1280     0670  2E6B               	goto	u407
  1281     0671  0000               	nop
  1282                           
  1283                           ;TY1410_TX.c: 388:   CCP3CON = 0b00001100;
  1284     0672  300C               	movlw	12
  1285     0673  0026               	movlb	6	; select bank6
  1286     0674  0093               	movwf	19	;volatile
  1287     0675                     l991:
  1288                           
  1289                           ;TY1410_TX.c: 389:   CCP3SEL = 0;
  1290     0675  0022               	movlb	2	; select bank2
  1291     0676  131D               	bcf	29,6	;volatile
  1292                           
  1293                           ;TY1410_TX.c: 390:   PR2 = 103;
  1294     0677  3067               	movlw	103
  1295     0678  0020               	movlb	0	; select bank0
  1296     0679  009B               	movwf	27	;volatile
  1297                           
  1298                           ;TY1410_TX.c: 391:   CCPR3L = 30;
  1299     067A  301E               	movlw	30
  1300     067B  0026               	movlb	6	; select bank6
  1301     067C  0091               	movwf	17	;volatile
  1302     067D                     l993:
  1303                           
  1304                           ;TY1410_TX.c: 392:   TMR2ON = 1;
  1305     067D  0020               	movlb	0	; select bank0
  1306     067E  151C               	bsf	28,2	;volatile
  1307     067F                     l995:
  1308                           
  1309                           ;TY1410_TX.c: 393:   T2CKPS1 = 0;
  1310     067F  109C               	bcf	28,1	;volatile
  1311     0680                     l997:
  1312                           
  1313                           ;TY1410_TX.c: 394:   T2CKPS0 = 1;
  1314     0680  141C               	bsf	28,0	;volatile
  1315     0681                     l98:
  1316     0681  0008               	return
  1317     0682                     __end_of_Hardware_Init:
  1318                           
  1319                           	psect	text4
  1320     070A                     __ptext4:	
  1321 ;; *************** function _Check_Input *****************
  1322 ;; Defined at:
  1323 ;;		line 397 in file "TY1410_TX.c"
  1324 ;; Parameters:    Size  Location     Type
  1325 ;;		None
  1326 ;; Auto vars:     Size  Location     Type
  1327 ;;		None
  1328 ;; Return value:  Size  Location     Type
  1329 ;;                  1    wreg      void 
  1330 ;; Registers used:
  1331 ;;		wreg, status,2
  1332 ;; Tracked objects:
  1333 ;;		On entry : 0/0
  1334 ;;		On exit  : 0/0
  1335 ;;		Unchanged: 0/0
  1336 ;; Data sizes:     COMMON   BANK0   BANK1   BANK2   BANK3   BANK4   BANK5   BANK6
  1337 ;;      Params:         0       0       0       0       0       0       0       0
  1338 ;;      Locals:         0       0       0       0       0       0       0       0
  1339 ;;      Temps:          0       0       0       0       0       0       0       0
  1340 ;;      Totals:         0       0       0       0       0       0       0       0
  1341 ;;Total ram usage:        0 bytes
  1342 ;; Hardware stack levels used: 1
  1343 ;; This function calls:
  1344 ;;		Nothing
  1345 ;; This function is called by:
  1346 ;;		_main
  1347 ;; This function uses a non-reentrant model
  1348 ;;
  1349                           
  1350     070A                     _Check_Input:	
  1351                           ;psect for function _Check_Input
  1352                           
  1353     070A                     l999:	
  1354                           ;incstack = 0
  1355                           ; Regs used in _Check_Input: [wreg+status,2]
  1356                           
  1357                           
  1358                           ;TY1410_TX.c: 399:   D2.Byte = 0;
  1359     070A  0020               	movlb	0	; select bank0
  1360     070B  01B8               	clrf	_D2
  1361                           
  1362                           ;TY1410_TX.c: 400:   D3.Byte = 0;
  1363     070C  01B7               	clrf	_D3
  1364                           
  1365                           ;TY1410_TX.c: 401:   csFlag.Byte = 0;
  1366     070D  01B6               	clrf	_csFlag
  1367     070E                     l1001:
  1368                           
  1369                           ;TY1410_TX.c: 404:   if (PORTAbits.RA0 == 0) {
  1370     070E  180C               	btfsc	12,0	;volatile
  1371     070F  2F11               	goto	u311
  1372     0710  2F12               	goto	u310
  1373     0711                     u311:
  1374     0711  2F16               	goto	l101
  1375     0712                     u310:
  1376     0712                     l1003:
  1377                           
  1378                           ;TY1410_TX.c: 405:     PORTBbits.RB5 = 1;
  1379     0712  168D               	bsf	13,5	;volatile
  1380                           
  1381                           ;TY1410_TX.c: 406:     D2.RunLight = 1;
  1382     0713  1538               	bsf	_D2,2
  1383                           
  1384                           ;TY1410_TX.c: 407:     csFlag.RunLight = 1;
  1385     0714  16B6               	bsf	_csFlag,5
  1386                           
  1387                           ;TY1410_TX.c: 408:   } else {
  1388     0715  2F19               	goto	l102
  1389     0716                     l101:
  1390                           
  1391                           ;TY1410_TX.c: 409:     PORTBbits.RB5 = 0;
  1392     0716  128D               	bcf	13,5	;volatile
  1393                           
  1394                           ;TY1410_TX.c: 410:     D2.RunLight = 0;
  1395     0717  1138               	bcf	_D2,2
  1396                           
  1397                           ;TY1410_TX.c: 411:     csFlag.RunLight = 0;
  1398     0718  12B6               	bcf	_csFlag,5
  1399     0719                     l102:	
  1400                           ;TY1410_TX.c: 412:   }
  1401                           
  1402                           
  1403                           ;TY1410_TX.c: 415:   if (PORTAbits.RA1 == 0) {
  1404     0719  188C               	btfsc	12,1	;volatile
  1405     071A  2F1C               	goto	u321
  1406     071B  2F1D               	goto	u320
  1407     071C                     u321:
  1408     071C  2F21               	goto	l103
  1409     071D                     u320:
  1410     071D                     l1005:
  1411                           
  1412                           ;TY1410_TX.c: 416:     PORTBbits.RB4 = 1;
  1413     071D  160D               	bsf	13,4	;volatile
  1414                           
  1415                           ;TY1410_TX.c: 417:     D2.DRL = 1;
  1416     071E  15B8               	bsf	_D2,3
  1417                           
  1418                           ;TY1410_TX.c: 418:     csFlag.DRL = 1;
  1419     071F  1636               	bsf	_csFlag,4
  1420                           
  1421                           ;TY1410_TX.c: 419:   } else {
  1422     0720  2F24               	goto	l104
  1423     0721                     l103:
  1424                           
  1425                           ;TY1410_TX.c: 420:     PORTBbits.RB4 = 0;
  1426     0721  120D               	bcf	13,4	;volatile
  1427                           
  1428                           ;TY1410_TX.c: 421:     D2.DRL = 0;
  1429     0722  11B8               	bcf	_D2,3
  1430                           
  1431                           ;TY1410_TX.c: 422:     csFlag.DRL = 0;
  1432     0723  1236               	bcf	_csFlag,4
  1433     0724                     l104:	
  1434                           ;TY1410_TX.c: 423:   }
  1435                           
  1436                           
  1437                           ;TY1410_TX.c: 426:   if (PORTAbits.RA2 == 0) {
  1438     0724  190C               	btfsc	12,2	;volatile
  1439     0725  2F27               	goto	u331
  1440     0726  2F28               	goto	u330
  1441     0727                     u331:
  1442     0727  2F2C               	goto	l105
  1443     0728                     u330:
  1444     0728                     l1007:
  1445                           
  1446                           ;TY1410_TX.c: 427:     PORTBbits.RB3 = 1;
  1447     0728  158D               	bsf	13,3	;volatile
  1448                           
  1449                           ;TY1410_TX.c: 428:     D2.LoBeam = 1;
  1450     0729  1638               	bsf	_D2,4
  1451                           
  1452                           ;TY1410_TX.c: 429:     csFlag.LoBeam = 1;
  1453     072A  15B6               	bsf	_csFlag,3
  1454                           
  1455                           ;TY1410_TX.c: 430:   } else {
  1456     072B  2F2F               	goto	l106
  1457     072C                     l105:
  1458                           
  1459                           ;TY1410_TX.c: 431:     PORTBbits.RB3 = 0;
  1460     072C  118D               	bcf	13,3	;volatile
  1461                           
  1462                           ;TY1410_TX.c: 432:     D2.LoBeam = 0;
  1463     072D  1238               	bcf	_D2,4
  1464                           
  1465                           ;TY1410_TX.c: 433:     csFlag.LoBeam = 0;
  1466     072E  11B6               	bcf	_csFlag,3
  1467     072F                     l106:	
  1468                           ;TY1410_TX.c: 434:   }
  1469                           
  1470                           
  1471                           ;TY1410_TX.c: 437:   if (PORTAbits.RA3 == 0) {
  1472     072F  198C               	btfsc	12,3	;volatile
  1473     0730  2F32               	goto	u341
  1474     0731  2F33               	goto	u340
  1475     0732                     u341:
  1476     0732  2F37               	goto	l107
  1477     0733                     u340:
  1478     0733                     l1009:
  1479                           
  1480                           ;TY1410_TX.c: 438:     PORTBbits.RB2 = 1;
  1481     0733  150D               	bsf	13,2	;volatile
  1482                           
  1483                           ;TY1410_TX.c: 439:     D2.HiBeam = 1;
  1484     0734  16B8               	bsf	_D2,5
  1485                           
  1486                           ;TY1410_TX.c: 440:     csFlag.HiBeam = 1;
  1487     0735  1536               	bsf	_csFlag,2
  1488                           
  1489                           ;TY1410_TX.c: 441:   } else {
  1490     0736  2F3A               	goto	l108
  1491     0737                     l107:
  1492                           
  1493                           ;TY1410_TX.c: 442:     PORTBbits.RB2 = 0;
  1494     0737  110D               	bcf	13,2	;volatile
  1495                           
  1496                           ;TY1410_TX.c: 443:     D2.HiBeam = 0;
  1497     0738  12B8               	bcf	_D2,5
  1498                           
  1499                           ;TY1410_TX.c: 444:     csFlag.HiBeam = 0;
  1500     0739  1136               	bcf	_csFlag,2
  1501     073A                     l108:	
  1502                           ;TY1410_TX.c: 445:   }
  1503                           
  1504                           
  1505                           ;TY1410_TX.c: 469:   if (PORTCbits.RC3 == 0) {
  1506     073A  198E               	btfsc	14,3	;volatile
  1507     073B  2F3D               	goto	u351
  1508     073C  2F3E               	goto	u350
  1509     073D                     u351:
  1510     073D  2F45               	goto	l109
  1511     073E                     u350:
  1512     073E                     l1011:
  1513                           
  1514                           ;TY1410_TX.c: 470:     PORTBbits.RB0 = 1;
  1515     073E  140D               	bsf	13,0	;volatile
  1516     073F                     l1013:
  1517                           
  1518                           ;TY1410_TX.c: 471:     D2.Byte = 6;
  1519     073F  3006               	movlw	6
  1520     0740  00B8               	movwf	_D2
  1521     0741                     l1015:
  1522                           
  1523                           ;TY1410_TX.c: 472:     D3.Byte = 0;
  1524     0741  01B7               	clrf	_D3
  1525     0742                     l1017:
  1526                           
  1527                           ;TY1410_TX.c: 473:     fException = 1;
  1528     0742  01B5               	clrf	_fException
  1529     0743  0AB5               	incf	_fException,f
  1530                           
  1531                           ;TY1410_TX.c: 474:   } else {
  1532     0744  2F47               	goto	l1021
  1533     0745                     l109:
  1534                           
  1535                           ;TY1410_TX.c: 475:     PORTBbits.RB0 = 0;
  1536     0745  100D               	bcf	13,0	;volatile
  1537     0746                     l1019:
  1538                           
  1539                           ;TY1410_TX.c: 476:     fException = 0;
  1540     0746  01B5               	clrf	_fException
  1541     0747                     l1021:
  1542                           
  1543                           ;TY1410_TX.c: 479:   if (PORTAbits.RA4 == 0) {
  1544     0747  1A0C               	btfsc	12,4	;volatile
  1545     0748  2F4A               	goto	u361
  1546     0749  2F4B               	goto	u360
  1547     074A                     u361:
  1548     074A  2F51               	goto	l111
  1549     074B                     u360:
  1550     074B                     l1023:
  1551                           
  1552                           ;TY1410_TX.c: 480:     PORTBbits.RB1 = 1;
  1553     074B  148D               	bsf	13,1	;volatile
  1554     074C                     l1025:
  1555                           
  1556                           ;TY1410_TX.c: 481:     D2.Byte = 0;
  1557     074C  01B8               	clrf	_D2
  1558                           
  1559                           ;TY1410_TX.c: 482:     D3.Byte = 0;
  1560     074D  01B7               	clrf	_D3
  1561     074E                     l1027:
  1562                           
  1563                           ;TY1410_TX.c: 483:     fException = 1;
  1564     074E  01B5               	clrf	_fException
  1565     074F  0AB5               	incf	_fException,f
  1566                           
  1567                           ;TY1410_TX.c: 484:   }
  1568     0750  2F52               	goto	l113
  1569     0751                     l111:	
  1570                           ;TY1410_TX.c: 485:   else{
  1571                           
  1572                           
  1573                           ;TY1410_TX.c: 486:     PORTBbits.RB1 = 0;
  1574     0751  108D               	bcf	13,1	;volatile
  1575     0752                     l113:
  1576     0752  0008               	return
  1577     0753                     __end_of_Check_Input:
  1578     007E                     btemp	set	126	;btemp
  1579     007E                     wtemp0	set	126
  1580                           
  1581                           	psect	config
  1582                           
  1583                           ;Config register CONFIG1 @ 0x8007
  1584                           ;	Oscillator Selection
  1585                           ;	FOSC = INTOSC, INTOSC oscillator: I/O function on CLKIN pin
  1586                           ;	Watchdog Timer Enable
  1587                           ;	WDTE = OFF, WDT disabled
  1588                           ;	Power-up Timer Enable
  1589                           ;	PWRTE = OFF, PWRT disabled
  1590                           ;	MCLR Pin Function Select
  1591                           ;	MCLRE = OFF, MCLR/VPP pin function is digital input
  1592                           ;	Flash Program Memory Code Protection
  1593                           ;	CP = ON, Program memory code protection is enabled
  1594                           ;	Data Memory Code Protection
  1595                           ;	CPD = ON, Data memory code protection is enabled
  1596                           ;	Brown-out Reset Enable
  1597                           ;	BOREN = ON, Brown-out Reset enabled
  1598                           ;	Clock Out Enable
  1599                           ;	CLKOUTEN = OFF, CLKOUT function is disabled. I/O or oscillator function on the CLKOUT 
      +                          pin
  1600                           ;	Internal/External Switchover
  1601                           ;	IESO = OFF, Internal/External Switchover mode is disabled
  1602                           ;	Fail-Safe Clock Monitor Enable
  1603                           ;	FCMEN = OFF, Fail-Safe Clock Monitor is disabled
  1604     8007                     	org	32775
  1605     8007  0E24               	dw	3620
  1606                           
  1607                           ;Config register CONFIG2 @ 0x8008
  1608                           ;	Flash Memory Self-Write Protection
  1609                           ;	WRT = OFF, Write protection off
  1610                           ;	Voltage Regulator Capacitor Enable
  1611                           ;	VCAPEN = OFF, All VCAP pin functionality is disabled
  1612                           ;	PLL Enable
  1613                           ;	PLLEN = ON, 4x PLL enabled
  1614                           ;	Stack Overflow/Underflow Reset Enable
  1615                           ;	STVREN = ON, Stack Overflow or Underflow will cause a Reset
  1616                           ;	Brown-out Reset Voltage Selection
  1617                           ;	BORV = LO, Brown-out Reset Voltage (Vbor), low trip point selected.
  1618                           ;	Low-Voltage Programming Enable
  1619                           ;	LVP = OFF, High-voltage on MCLR/VPP must be used for programming
  1620     8008                     	org	32776
  1621     8008  1FFF               	dw	8191

Data Sizes:
    Strings     0
    Constant    0
    Data        68
    BSS         25
    Persistent  32
    Stack       0

Auto Spaces:
    Space          Size  Autos    Used
    COMMON           14     14      14
    BANK0            80      0      29
    BANK1            80      0      64
    BANK2            80      0       0
    BANK3            80      0       0
    BANK4            80      0       0
    BANK5            80      0       0
    BANK6            16      0       0

Pointer List with Targets:

    None.

Critical Paths under _main in COMMON

    _main->_PWM

Critical Paths under _main in BANK0

    None.

Critical Paths under _main in BANK1

    None.

Critical Paths under _main in BANK2

    None.

Critical Paths under _main in BANK3

    None.

Critical Paths under _main in BANK4

    None.

Critical Paths under _main in BANK5

    None.

Critical Paths under _main in BANK6

    None.

Call Graph Tables:

 ---------------------------------------------------------------------------------
 (Depth) Function   	        Calls       Base Space   Used Autos Params    Refs
 ---------------------------------------------------------------------------------
 (0) _main                                                 2     2      0     688
                                             12 COMMON     2     2      0
                        _Check_Input
                      _Hardware_Init
                                _PWM
 ---------------------------------------------------------------------------------
 (1) _PWM                                                 12    12      0     620
                                              0 COMMON    12    12      0
        _wait_for_pwm_cycle_complete
 ---------------------------------------------------------------------------------
 (2) _wait_for_pwm_cycle_complete                          0     0      0       0
 ---------------------------------------------------------------------------------
 (1) _Hardware_Init                                        2     2      0       0
                                              0 COMMON     2     2      0
 ---------------------------------------------------------------------------------
 (1) _Check_Input                                          0     0      0       0
 ---------------------------------------------------------------------------------
 Estimated maximum stack depth 2
 ---------------------------------------------------------------------------------

 Call Graph Graphs:

 _main (ROOT)
   _Check_Input
   _Hardware_Init
   _PWM
     _wait_for_pwm_cycle_complete

 Address spaces:
Name               Size   Autos  Total    Cost      Usage
BIGRAM             1F0      0       0       0        0.0%
EEDATA             100      0       0       0        0.0%
NULL                 0      0       0       0        0.0%
CODE                 0      0       0       0        0.0%
BITCOMMON            E      0       0       1        0.0%
BITSFR0              0      0       0       1        0.0%
SFR0                 0      0       0       1        0.0%
COMMON               E      E       E       2      100.0%
BITSFR1              0      0       0       2        0.0%
SFR1                 0      0       0       2        0.0%
BITSFR2              0      0       0       3        0.0%
SFR2                 0      0       0       3        0.0%
STACK                0      0       0       3        0.0%
BITSFR3              0      0       0       4        0.0%
SFR3                 0      0       0       4        0.0%
ABS                  0      0      6B       4        0.0%
BITBANK0            50      0       0       5        0.0%
BITSFR4              0      0       0       5        0.0%
SFR4                 0      0       0       5        0.0%
BANK0               50      0      1D       6       36.2%
BITSFR5              0      0       0       6        0.0%
SFR5                 0      0       0       6        0.0%
BITBANK1            50      0       0       7        0.0%
BITSFR6              0      0       0       7        0.0%
SFR6                 0      0       0       7        0.0%
BANK1               50      0      40       8       80.0%
BITSFR7              0      0       0       8        0.0%
SFR7                 0      0       0       8        0.0%
BITBANK2            50      0       0       9        0.0%
BITSFR8              0      0       0       9        0.0%
SFR8                 0      0       0       9        0.0%
BANK2               50      0       0      10        0.0%
BITSFR9              0      0       0      10        0.0%
SFR9                 0      0       0      10        0.0%
BITBANK3            50      0       0      11        0.0%
BITSFR10             0      0       0      11        0.0%
SFR10                0      0       0      11        0.0%
BANK3               50      0       0      12        0.0%
BITSFR11             0      0       0      12        0.0%
SFR11                0      0       0      12        0.0%
BITBANK4            50      0       0      13        0.0%
BITSFR12             0      0       0      13        0.0%
SFR12                0      0       0      13        0.0%
BANK4               50      0       0      14        0.0%
BITSFR13             0      0       0      14        0.0%
SFR13                0      0       0      14        0.0%
BITBANK5            50      0       0      15        0.0%
BITSFR14             0      0       0      15        0.0%
SFR14                0      0       0      15        0.0%
BANK5               50      0       0      16        0.0%
BITSFR15             0      0       0      16        0.0%
SFR15                0      0       0      16        0.0%
BITBANK6            10      0       0      17        0.0%
BITSFR16             0      0       0      17        0.0%
SFR16                0      0       0      17        0.0%
BANK6               10      0       0      18        0.0%
BITSFR17             0      0       0      18        0.0%
SFR17                0      0       0      18        0.0%
BITSFR18             0      0       0      19        0.0%
SFR18                0      0       0      19        0.0%
DATA                 0      0      6B      19        0.0%
BITSFR19             0      0       0      20        0.0%
SFR19                0      0       0      20        0.0%
BITSFR20             0      0       0      21        0.0%
SFR20                0      0       0      21        0.0%
BITSFR21             0      0       0      22        0.0%
SFR21                0      0       0      22        0.0%
BITSFR22             0      0       0      23        0.0%
SFR22                0      0       0      23        0.0%
BITSFR23             0      0       0      24        0.0%
SFR23                0      0       0      24        0.0%
BITSFR24             0      0       0      25        0.0%
SFR24                0      0       0      25        0.0%
BITSFR25             0      0       0      26        0.0%
SFR25                0      0       0      26        0.0%
BITSFR26             0      0       0      27        0.0%
SFR26                0      0       0      27        0.0%
BITSFR27             0      0       0      28        0.0%
SFR27                0      0       0      28        0.0%
BITSFR28             0      0       0      29        0.0%
SFR28                0      0       0      29        0.0%
BITSFR29             0      0       0      30        0.0%
SFR29                0      0       0      30        0.0%
BITSFR30             0      0       0      31        0.0%
SFR30                0      0       0      31        0.0%
BITSFR31             0      0       0      32        0.0%
SFR31                0      0       0      32        0.0%


Microchip Technology PIC Macro Assembler V2.46 build 20240104201356 
Symbol Table                                                                                   Tue Jul 22 13:55:05 2025

                                  _a 0034                                    _b 0033  
                                 _D2 0038                                   _D3 0037  
                                 l80 063C                                   l84 0642  
                                 _CS 00A0                                   l95 07DC  
                                 l98 0681                                  l101 0716  
                                l102 0719                                  l111 0751  
                                l103 0721                                  l104 0724  
                                l113 0752                                  l105 072C  
                                l106 072F                                  l107 0737  
                                l108 073A                                  l109 0745  
                                l118 06C5                                  l911 075E  
                                l921 077F                                  l913 0761  
                                l907 0641                                  l931 07A0  
                                l923 0788                                  l915 0764  
                                l941 07B1                                  l925 0791  
                                l917 076D                                  l909 0754  
                                l951 07CB                                  l943 07B7  
                                l927 079A                                  l919 0776  
                                l961 07D2                                  l945 07BA  
                                l937 07A1                                  l929 079D  
                                l971 064F                                  l963 07D6  
                                l947 07C1                                  l939 07AA  
                                l981 0659                                  l973 0651  
                                l965 0643                                  l957 07CC  
                                l949 07C5                                  l991 0675  
                                l983 065E                                  l975 0653  
                                l967 0648                                  l959 07CF  
                                l993 067D                                  l985 0660  
                                l977 0655                                  l969 064A  
                                l995 067F                                  l987 0662  
                                l979 0657                                  l997 0680  
                                l989 0664                                  l999 070A  
                                u200 0641                                  u201 0640  
                                u210 075B                                  u300 07DC  
                                u301 07DB                                  u310 0712  
                                u311 0711                                  u320 071D  
                                u321 071C                                  u225 0767  
                                u330 0728                                  u331 0727  
                                u235 0770                                  u340 0733  
                                u341 0732                                  u245 0779  
                                u350 073E                                  _PR2 001B  
                                u351 073D                                  u407 066B  
                                u255 0782                                  u360 074B  
                                u280 07AA                                  u361 074A  
                                u281 07A9                                  u265 078B  
                                u290 07CB                                  u370 06E0  
                                u291 07CA                                  u275 0794  
                                u371 06DF                                  u380 06FD  
                                u381 06FC                                  u397 0703  
                                _PWM 0753                                  wreg 0009  
__end_of_wait_for_pwm_cycle_complete 0643          _wait_for_pwm_cycle_complete 063C  
                               ?_PWM 0070                                 l1001 070E  
                               l1011 073E                                 l1003 0712  
                               l1021 0747                                 l1013 073F  
                               l1005 071D                                 l1023 074B  
                               l1015 0741                                 l1007 0728  
                               l1031 06C8                                 l1025 074C  
                               l1017 0742                                 l1009 0733  
                               l1041 06D0                                 l1033 06CB  
                               l1027 074E                                 l1019 0746  
                               l1051 06D5                                 l1043 06D1  
                               l1035 06CD                                 l1061 06E1  
                               l1053 06D7                                 l1045 06D2  
                               l1037 06CE                                 l1029 06C2  
                               l1071 06EB                                 l1063 06E4  
                               l1055 06D9                                 l1047 06D3  
                               l1039 06CF                                 l1073 06F3  
                               l1065 06EA                                 l1057 06DB  
                               l1049 06D4                                 l1075 06F7  
                               l1059 06E0                                 l1077 06FD  
                               PWM@i 007A                                 _LATA 010C  
                               _LATB 010D                                 _LATC 010E  
                               _LATE 0110                                 _main 06C2  
                               fsr0h 0005                                 fsr1h 0007  
                               indf0 0000                                 fsr0l 0004  
                               indf1 0001                                 fsr1l 0006  
                               btemp 007E                                 start 0002  
                              ??_PWM 0070                          _Check_Input 070A  
                              ?_main 0070                                _PORTA 000C  
                              _PORTB 000D                                _PORTC 000E  
                              _PORTE 0010                                _TRISA 008C  
                              _TRISB 008D                                _TRISC 008E  
                              _TRISE 0090                                main@i 007D  
                              status 0003                                wtemp0 007E  
                    __initialization 07DD                         __end_of_main 070A  
                             ??_main 007C                               PWM@num 007B  
                             _CCPR3L 0311                               _ANSELA 018C  
                             _ANSELB 018D                               _OSCCON 0099  
                             _TMR2IF 0089                               _TMR2ON 00E2  
                             _data48 0039                               _csFlag 0036  
                         _fException 0035              __end_of__initialization 07FD  
              __end_of_Hardware_Init 0682                       __pcstackCOMMON 0070  
                       __pidataBANK0 062C                         __pidataBANK1 0682  
                         __pbssBANK0 0020                           __pmaintext 06C2  
                            PWM@Dbit 0071                              _CCP3CON 0313  
                       ?_Check_Input 0070                              _CCP3SEL 08EE  
                            _T2CKPS0 00E0                              _T2CKPS1 00E1  
                            _OSCTUNE 0098                              __ptext1 0753  
                            __ptext2 063C                              __ptext3 0643  
                            __ptext4 070A                              _tx_Data 0020  
                            clrloop0 0631                 end_of_initialization 07FD  
                            init_ram 0636                              initloop 0637  
                          _PORTAbits 000C                            _PORTBbits 000D  
                          _PORTCbits 000E                  start_initialization 07DD  
                        __end_of_PWM 07DD         ?_wait_for_pwm_cycle_complete 0070  
                        __pdataBANK0 0039                          __pdataBANK1 00A0  
                          ___latbits 0002        ??_wait_for_pwm_cycle_complete 0070  
                           PWM@F2775 002B                             PWM@i_198 0079  
                          clear_ram0 0630                        _Hardware_Init 0643  
                     ?_Hardware_Init 0070                        ??_Check_Input 0070  
                    ??_Hardware_Init 0070                  __end_of_Check_Input 0753  
